<?xml version="1.0" encoding="UTF-8"?>
<!-- Generated by org.testng.reporters.JUnitXMLReporter -->
<testsuite ignored="0" hostname="lin80026627" failures="0" tests="3" name="Surefire test" time="66.596" errors="0" timestamp="14 Mar 2022 09:03:47 GMT">
  <testcase classname="com.azure.AppTest" name="DeadLetterQueue" time="12.218"/>
  <testcase classname="com.azure.AppTest" name="Queue" time="42.949"/>
  <testcase classname="com.azure.AppTest" name="Topic" time="11.389"/>
</testsuite> <!-- Surefire test -->
