<?xml version="1.0" encoding="UTF-8"?>
<testng-results ignored="0" total="3" passed="3" failed="0" skipped="0">
  <reporter-output>
  </reporter-output>
  <suite started-at="2022-03-14T09:02:41Z" name="Surefire suite" finished-at="2022-03-14T09:03:47Z" duration-ms="66596">
    <groups>
    </groups>
    <test started-at="2022-03-14T09:02:41Z" name="Surefire test" finished-at="2022-03-14T09:03:47Z" duration-ms="66596">
      <class name="com.azure.AppTest">
        <test-method signature="DeadLetterQueue()[pri:0, instance:com.azure.AppTest@42a48628]" started-at="2022-03-14T09:02:41Z" name="DeadLetterQueue" finished-at="2022-03-14T09:02:53Z" duration-ms="12218" status="PASS">
          <reporter-output>
          </reporter-output>
        </test-method> <!-- DeadLetterQueue -->
        <test-method signature="Queue()[pri:0, instance:com.azure.AppTest@42a48628]" started-at="2022-03-14T09:02:53Z" name="Queue" finished-at="2022-03-14T09:03:36Z" duration-ms="42949" status="PASS">
          <reporter-output>
          </reporter-output>
        </test-method> <!-- Queue -->
        <test-method signature="Topic()[pri:0, instance:com.azure.AppTest@42a48628]" started-at="2022-03-14T09:03:36Z" name="Topic" finished-at="2022-03-14T09:03:47Z" duration-ms="11389" status="PASS">
          <reporter-output>
          </reporter-output>
        </test-method> <!-- Topic -->
      </class> <!-- com.azure.AppTest -->
    </test> <!-- Surefire test -->
  </suite> <!-- Surefire suite -->
</testng-results>
