<?xml version="1.0" encoding="UTF-8"?>
<testng-results ignored="0" total="1" passed="1" failed="0" skipped="0">
  <reporter-output>
  </reporter-output>
  <suite started-at="2021-11-05T11:54:52Z" name="Surefire suite" finished-at="2021-11-05T11:54:55Z" duration-ms="2456">
    <groups>
    </groups>
    <test started-at="2021-11-05T11:54:52Z" name="Surefire test" finished-at="2021-11-05T11:54:55Z" duration-ms="2456">
      <class name="com.azure.AppTest">
        <test-method signature="azurTest()[pri:0, instance:com.azure.AppTest@77fbd92c]" started-at="2021-11-05T11:54:52Z" name="azurTest" finished-at="2021-11-05T11:54:55Z" duration-ms="2423" status="PASS">
          <reporter-output>
          </reporter-output>
        </test-method> <!-- azurTest -->
      </class> <!-- com.azure.AppTest -->
    </test> <!-- Surefire test -->
  </suite> <!-- Surefire suite -->
</testng-results>
